<?xml version="1.0" encoding="UTF-8"?>
<!-- Generated by org.testng.reporters.JUnitReportReporter -->
<testsuite name="com.srinqa.functionalTest.SellOutAndStock" tests="1" time="0.000" ignored="0" failures="0" timestamp="17 Oct 2017 07:22:15 GMT" skipped="0" hostname="SRIN-PC" errors="0">
  <testcase name="Ambon01A_SplashAndPermission" time="0.000" classname="com.srinqa.functionalTest.SellOutAndStock"/>
</testsuite> <!-- com.srinqa.functionalTest.SellOutAndStock -->
