<?xml version="1.0" encoding="UTF-8"?>
<!-- Generated by org.testng.reporters.JUnitReportReporter -->
<testsuite name="com.srinqa.functionalTest.GiftPage" tests="2" time="6.862" ignored="0" failures="0" timestamp="13 Feb 2017 10:24:46 GMT" skipped="0" hostname="SRIN-PC" errors="0">
  <testcase name="SGift01_SwipeAndOpenGiftPromo" time="3.608" classname="com.srinqa.functionalTest.GiftPage"/>
  <testcase name="SGift02_TapShareButton" time="3.254" classname="com.srinqa.functionalTest.GiftPage"/>
</testsuite> <!-- com.srinqa.functionalTest.GiftPage -->
