<?xml version="1.0" encoding="UTF-8"?>
<!-- Generated by org.testng.reporters.JUnitReportReporter -->
<testsuite skipped="0" hostname="DESKTOP-GUIOM97" name="functionalTest.InitialPage" tests="2" failures="0" timestamp="04 Jul 2018 09:43:37 GMT" time="14.479" errors="0">
  <testcase name="Snap02_IntroductionPage" time="7.383" classname="functionalTest.InitialPage"/>
  <testcase name="Snap01_SelectRegion" time="7.096" classname="functionalTest.InitialPage"/>
</testsuite> <!-- functionalTest.InitialPage -->
