<?xml version="1.0" encoding="UTF-8"?>
<!-- Generated by org.testng.reporters.JUnitReportReporter -->
<testsuite name="com.srinqa.functionalTest.LifePage" tests="2" time="3.214" ignored="0" failures="0" timestamp="10 Feb 2017 08:44:45 GMT" skipped="0" hostname="SRIN-PC" errors="0">
  <testcase name="SGift01" time="1.685" classname="com.srinqa.functionalTest.LifePage"/>
  <testcase name="SGift02" time="1.529" classname="com.srinqa.functionalTest.LifePage"/>
</testsuite> <!-- com.srinqa.functionalTest.LifePage -->
