<?xml version="1.0" encoding="UTF-8"?>
<!-- Generated by org.testng.reporters.JUnitReportReporter -->
<testsuite name="nansuri.test.appium.FirstTest" tests="1" time="6.489" ignored="0" failures="0" timestamp="09 Feb 2017 07:27:15 GMT" skipped="0" hostname="SRIN-PC" errors="0">
  <testcase name="ServiceIntro" time="6.489" classname="nansuri.test.appium.FirstTest"/>
</testsuite> <!-- nansuri.test.appium.FirstTest -->
